2021-05-08 22:16:39 [scrapy] DEBUG: Crawled (200) <GET https://www.microcenter.com/robots.txt> (referer: None)
2021-05-08 22:16:40 [scrapy] DEBUG: Crawled (200) <GET https://www.microcenter.com/search/search_results.aspx?N=4294966937&NTK=all&sortby=match&rpp=24> (referer: None)
2021-05-08 22:16:40 [scrapy] DEBUG: Crawled (200) <GET https://www.microcenter.com/search/search_results.aspx?Ntk=all&sortby=match&N=4294964318&myStore=false> (referer: None)
2021-05-08 22:16:40 [scrapy] DEBUG: Crawled (200) <GET https://www.microcenter.com/category/4294945779/ssd-solid-state-drives> (referer: None)
2021-05-08 22:16:40 [scrapy] DEBUG: Crawled (200) <GET https://www.microcenter.com/search/search_results.aspx?Ntk=all&sortby=match&N=4294966654&myStore=false> (referer: None)
2021-05-08 22:16:41 [scrapy] DEBUG: Crawled (200) <GET https://www.microcenter.com/search/search_results.aspx?N=4294966937&NTK=all&page=2&cat=Video-Cards-:-MicroCenter> (referer: https://www.microcenter.com/search/search_results.aspx?N=4294966937&NTK=all&sortby=match&rpp=24)
2021-05-08 22:16:41 [scrapy] DEBUG: Crawled (200) <GET https://www.microcenter.com/search/search_results.aspx?N=4294964318&NTK=all&page=2&cat=Computer-Cases-:-MicroCenter> (referer: https://www.microcenter.com/search/search_results.aspx?Ntk=all&sortby=match&N=4294964318&myStore=false)
2021-05-08 22:16:41 [scrapy] DEBUG: Crawled (200) <GET https://www.microcenter.com/search/search_results.aspx?N=4294945779&NTK=all&page=2&cat=SSD-(Solid-State-Drives)-:-MicroCenter> (referer: https://www.microcenter.com/category/4294945779/ssd-solid-state-drives)
2021-05-08 22:16:41 [scrapy] DEBUG: Crawled (200) <GET https://www.microcenter.com/search/search_results.aspx?N=4294966654&NTK=all&page=2&cat=Power-Supplies-:-MicroCenter> (referer: https://www.microcenter.com/search/search_results.aspx?Ntk=all&sortby=match&N=4294966654&myStore=false)
2021-05-08 22:16:41 [scrapy] DEBUG: Crawled (200) <GET https://www.microcenter.com/search/search_results.aspx?N=4294966937&NTK=all&page=3&cat=Video-Cards-:-MicroCenter> (referer: https://www.microcenter.com/search/search_results.aspx?N=4294966937&NTK=all&page=2&cat=Video-Cards-:-MicroCenter)
2021-05-08 22:16:41 [scrapy] ERROR: Spider error processing <GET https://www.microcenter.com/search/search_results.aspx?N=4294966654&NTK=all&page=2&cat=Power-Supplies-:-MicroCenter> (referer: https://www.microcenter.com/search/search_results.aspx?Ntk=all&sortby=match&N=4294966654&myStore=false)
Traceback (most recent call last):
  File "c:\users\rober\desktop\python projects\pc-spawner-backend\venv\lib\site-packages\itemloaders\processors.py", line 71, in __call__
    next_values += arg_to_iter(func(v))
  File "C:\Users\rober\Desktop\Python Projects\PC-Spawner-Backend\pc_generator\items.py", line 29, in price_to_float
    return float(string)
ValueError: could not convert string to float: ''

During handling of the above exception, another exception occurred:

Traceback (most recent call last):
  File "c:\users\rober\desktop\python projects\pc-spawner-backend\venv\lib\site-packages\itemloaders\__init__.py", line 316, in _process_input_value
    return proc(value)
  File "c:\users\rober\desktop\python projects\pc-spawner-backend\venv\lib\site-packages\itemloaders\processors.py", line 73, in __call__
    raise ValueError("Error in MapCompose with "
ValueError: Error in MapCompose with <function price_to_float at 0x000001A858762700> value=['', ''] error='ValueError: could not convert string to float: '''

During handling of the above exception, another exception occurred:

Traceback (most recent call last):
  File "c:\users\rober\desktop\python projects\pc-spawner-backend\venv\lib\site-packages\scrapy\utils\defer.py", line 120, in iter_errback
    yield next(it)
  File "c:\users\rober\desktop\python projects\pc-spawner-backend\venv\lib\site-packages\scrapy\utils\python.py", line 353, in __next__
    return next(self.data)
  File "c:\users\rober\desktop\python projects\pc-spawner-backend\venv\lib\site-packages\scrapy\utils\python.py", line 353, in __next__
    return next(self.data)
  File "c:\users\rober\desktop\python projects\pc-spawner-backend\venv\lib\site-packages\scrapy\core\spidermw.py", line 62, in _evaluate_iterable
    for r in iterable:
  File "c:\users\rober\desktop\python projects\pc-spawner-backend\venv\lib\site-packages\scrapy\spidermiddlewares\offsite.py", line 29, in process_spider_output
    for x in result:
  File "c:\users\rober\desktop\python projects\pc-spawner-backend\venv\lib\site-packages\scrapy\core\spidermw.py", line 62, in _evaluate_iterable
    for r in iterable:
  File "c:\users\rober\desktop\python projects\pc-spawner-backend\venv\lib\site-packages\scrapy\spidermiddlewares\referer.py", line 340, in <genexpr>
    return (_set_referer(r) for r in result or ())
  File "c:\users\rober\desktop\python projects\pc-spawner-backend\venv\lib\site-packages\scrapy\core\spidermw.py", line 62, in _evaluate_iterable
    for r in iterable:
  File "c:\users\rober\desktop\python projects\pc-spawner-backend\venv\lib\site-packages\scrapy\spidermiddlewares\urllength.py", line 37, in <genexpr>
    return (r for r in result or () if _filter(r))
  File "c:\users\rober\desktop\python projects\pc-spawner-backend\venv\lib\site-packages\scrapy\core\spidermw.py", line 62, in _evaluate_iterable
    for r in iterable:
  File "c:\users\rober\desktop\python projects\pc-spawner-backend\venv\lib\site-packages\scrapy\spidermiddlewares\depth.py", line 58, in <genexpr>
    return (r for r in result or () if _filter(r))
  File "c:\users\rober\desktop\python projects\pc-spawner-backend\venv\lib\site-packages\scrapy\core\spidermw.py", line 62, in _evaluate_iterable
    for r in iterable:
  File "C:\Users\rober\Desktop\Python Projects\PC-Spawner-Backend\pc_generator\spiders\microcenter_spider.py", line 35, in parse
    loader.add_css(field_name='price', css='a::attr(data-price)')
  File "c:\users\rober\desktop\python projects\pc-spawner-backend\venv\lib\site-packages\itemloaders\__init__.py", line 407, in add_css
    self.add_value(field_name, values, *processors, **kw)
  File "c:\users\rober\desktop\python projects\pc-spawner-backend\venv\lib\site-packages\itemloaders\__init__.py", line 190, in add_value
    self._add_value(field_name, value)
  File "c:\users\rober\desktop\python projects\pc-spawner-backend\venv\lib\site-packages\itemloaders\__init__.py", line 208, in _add_value
    processed_value = self._process_input_value(field_name, value)
  File "c:\users\rober\desktop\python projects\pc-spawner-backend\venv\lib\site-packages\itemloaders\__init__.py", line 318, in _process_input_value
    raise ValueError(
ValueError: Error with input processor MapCompose: field='price' value=['', ''] error='ValueError: Error in MapCompose with <function price_to_float at 0x000001A858762700> value=['', ''] error='ValueError: could not convert string to float: ''''
2021-05-08 22:16:41 [scrapy] DEBUG: Crawled (200) <GET https://www.microcenter.com/search/search_results.aspx?N=4294964318&NTK=all&page=3&cat=Computer-Cases-:-MicroCenter> (referer: https://www.microcenter.com/search/search_results.aspx?N=4294964318&NTK=all&page=2&cat=Computer-Cases-:-MicroCenter)
2021-05-08 22:16:42 [scrapy] DEBUG: Crawled (200) <GET https://www.microcenter.com/search/search_results.aspx?N=4294945779&NTK=all&page=3&cat=SSD-(Solid-State-Drives)-:-MicroCenter> (referer: https://www.microcenter.com/search/search_results.aspx?N=4294945779&NTK=all&page=2&cat=SSD-(Solid-State-Drives)-:-MicroCenter)
2021-05-08 22:16:42 [scrapy] ERROR: Spider error processing <GET https://www.microcenter.com/search/search_results.aspx?N=4294964318&NTK=all&page=3&cat=Computer-Cases-:-MicroCenter> (referer: https://www.microcenter.com/search/search_results.aspx?N=4294964318&NTK=all&page=2&cat=Computer-Cases-:-MicroCenter)
Traceback (most recent call last):
  File "c:\users\rober\desktop\python projects\pc-spawner-backend\venv\lib\site-packages\itemloaders\processors.py", line 71, in __call__
    next_values += arg_to_iter(func(v))
  File "C:\Users\rober\Desktop\Python Projects\PC-Spawner-Backend\pc_generator\items.py", line 29, in price_to_float
    return float(string)
ValueError: could not convert string to float: ''

During handling of the above exception, another exception occurred:

Traceback (most recent call last):
  File "c:\users\rober\desktop\python projects\pc-spawner-backend\venv\lib\site-packages\itemloaders\__init__.py", line 316, in _process_input_value
    return proc(value)
  File "c:\users\rober\desktop\python projects\pc-spawner-backend\venv\lib\site-packages\itemloaders\processors.py", line 73, in __call__
    raise ValueError("Error in MapCompose with "
ValueError: Error in MapCompose with <function price_to_float at 0x000001A858762700> value=['', ''] error='ValueError: could not convert string to float: '''

During handling of the above exception, another exception occurred:

Traceback (most recent call last):
  File "c:\users\rober\desktop\python projects\pc-spawner-backend\venv\lib\site-packages\scrapy\utils\defer.py", line 120, in iter_errback
    yield next(it)
  File "c:\users\rober\desktop\python projects\pc-spawner-backend\venv\lib\site-packages\scrapy\utils\python.py", line 353, in __next__
    return next(self.data)
  File "c:\users\rober\desktop\python projects\pc-spawner-backend\venv\lib\site-packages\scrapy\utils\python.py", line 353, in __next__
    return next(self.data)
  File "c:\users\rober\desktop\python projects\pc-spawner-backend\venv\lib\site-packages\scrapy\core\spidermw.py", line 62, in _evaluate_iterable
    for r in iterable:
  File "c:\users\rober\desktop\python projects\pc-spawner-backend\venv\lib\site-packages\scrapy\spidermiddlewares\offsite.py", line 29, in process_spider_output
    for x in result:
  File "c:\users\rober\desktop\python projects\pc-spawner-backend\venv\lib\site-packages\scrapy\core\spidermw.py", line 62, in _evaluate_iterable
    for r in iterable:
  File "c:\users\rober\desktop\python projects\pc-spawner-backend\venv\lib\site-packages\scrapy\spidermiddlewares\referer.py", line 340, in <genexpr>
    return (_set_referer(r) for r in result or ())
  File "c:\users\rober\desktop\python projects\pc-spawner-backend\venv\lib\site-packages\scrapy\core\spidermw.py", line 62, in _evaluate_iterable
    for r in iterable:
  File "c:\users\rober\desktop\python projects\pc-spawner-backend\venv\lib\site-packages\scrapy\spidermiddlewares\urllength.py", line 37, in <genexpr>
    return (r for r in result or () if _filter(r))
  File "c:\users\rober\desktop\python projects\pc-spawner-backend\venv\lib\site-packages\scrapy\core\spidermw.py", line 62, in _evaluate_iterable
    for r in iterable:
  File "c:\users\rober\desktop\python projects\pc-spawner-backend\venv\lib\site-packages\scrapy\spidermiddlewares\depth.py", line 58, in <genexpr>
    return (r for r in result or () if _filter(r))
  File "c:\users\rober\desktop\python projects\pc-spawner-backend\venv\lib\site-packages\scrapy\core\spidermw.py", line 62, in _evaluate_iterable
    for r in iterable:
  File "C:\Users\rober\Desktop\Python Projects\PC-Spawner-Backend\pc_generator\spiders\microcenter_spider.py", line 35, in parse
    loader.add_css(field_name='price', css='a::attr(data-price)')
  File "c:\users\rober\desktop\python projects\pc-spawner-backend\venv\lib\site-packages\itemloaders\__init__.py", line 407, in add_css
    self.add_value(field_name, values, *processors, **kw)
  File "c:\users\rober\desktop\python projects\pc-spawner-backend\venv\lib\site-packages\itemloaders\__init__.py", line 190, in add_value
    self._add_value(field_name, value)
  File "c:\users\rober\desktop\python projects\pc-spawner-backend\venv\lib\site-packages\itemloaders\__init__.py", line 208, in _add_value
    processed_value = self._process_input_value(field_name, value)
  File "c:\users\rober\desktop\python projects\pc-spawner-backend\venv\lib\site-packages\itemloaders\__init__.py", line 318, in _process_input_value
    raise ValueError(
ValueError: Error with input processor MapCompose: field='price' value=['', ''] error='ValueError: Error in MapCompose with <function price_to_float at 0x000001A858762700> value=['', ''] error='ValueError: could not convert string to float: ''''
2021-05-08 22:16:42 [scrapy] ERROR: Spider error processing <GET https://www.microcenter.com/search/search_results.aspx?N=4294945779&NTK=all&page=3&cat=SSD-(Solid-State-Drives)-:-MicroCenter> (referer: https://www.microcenter.com/search/search_results.aspx?N=4294945779&NTK=all&page=2&cat=SSD-(Solid-State-Drives)-:-MicroCenter)
Traceback (most recent call last):
  File "c:\users\rober\desktop\python projects\pc-spawner-backend\venv\lib\site-packages\scrapy\utils\defer.py", line 120, in iter_errback
    yield next(it)
  File "c:\users\rober\desktop\python projects\pc-spawner-backend\venv\lib\site-packages\scrapy\utils\python.py", line 353, in __next__
    return next(self.data)
  File "c:\users\rober\desktop\python projects\pc-spawner-backend\venv\lib\site-packages\scrapy\utils\python.py", line 353, in __next__
    return next(self.data)
  File "c:\users\rober\desktop\python projects\pc-spawner-backend\venv\lib\site-packages\scrapy\core\spidermw.py", line 62, in _evaluate_iterable
    for r in iterable:
  File "c:\users\rober\desktop\python projects\pc-spawner-backend\venv\lib\site-packages\scrapy\spidermiddlewares\offsite.py", line 29, in process_spider_output
    for x in result:
  File "c:\users\rober\desktop\python projects\pc-spawner-backend\venv\lib\site-packages\scrapy\core\spidermw.py", line 62, in _evaluate_iterable
    for r in iterable:
  File "c:\users\rober\desktop\python projects\pc-spawner-backend\venv\lib\site-packages\scrapy\spidermiddlewares\referer.py", line 340, in <genexpr>
    return (_set_referer(r) for r in result or ())
  File "c:\users\rober\desktop\python projects\pc-spawner-backend\venv\lib\site-packages\scrapy\core\spidermw.py", line 62, in _evaluate_iterable
    for r in iterable:
  File "c:\users\rober\desktop\python projects\pc-spawner-backend\venv\lib\site-packages\scrapy\spidermiddlewares\urllength.py", line 37, in <genexpr>
    return (r for r in result or () if _filter(r))
  File "c:\users\rober\desktop\python projects\pc-spawner-backend\venv\lib\site-packages\scrapy\core\spidermw.py", line 62, in _evaluate_iterable
    for r in iterable:
  File "c:\users\rober\desktop\python projects\pc-spawner-backend\venv\lib\site-packages\scrapy\spidermiddlewares\depth.py", line 58, in <genexpr>
    return (r for r in result or () if _filter(r))
  File "c:\users\rober\desktop\python projects\pc-spawner-backend\venv\lib\site-packages\scrapy\core\spidermw.py", line 62, in _evaluate_iterable
    for r in iterable:
  File "C:\Users\rober\Desktop\Python Projects\PC-Spawner-Backend\pc_generator\spiders\microcenter_spider.py", line 29, in parse
    part_type = parts[0].css('a::attr(data-category)').get()
  File "c:\users\rober\desktop\python projects\pc-spawner-backend\venv\lib\site-packages\parsel\selector.py", line 70, in __getitem__
    o = super(SelectorList, self).__getitem__(pos)
IndexError: list index out of range
2021-05-08 22:16:42 [scrapy] DEBUG: Crawled (200) <GET https://www.microcenter.com/search/search_results.aspx?N=4294966937&NTK=all&page=4&cat=Video-Cards-:-MicroCenter> (referer: https://www.microcenter.com/search/search_results.aspx?N=4294966937&NTK=all&page=3&cat=Video-Cards-:-MicroCenter)
2021-05-08 22:16:42 [scrapy] DEBUG: Crawled (200) <GET https://www.microcenter.com/search/search_results.aspx?N=4294966937&NTK=all&page=5&cat=Video-Cards-:-MicroCenter> (referer: https://www.microcenter.com/search/search_results.aspx?N=4294966937&NTK=all&page=4&cat=Video-Cards-:-MicroCenter)
2021-05-08 22:16:43 [scrapy] DEBUG: Crawled (200) <GET https://www.microcenter.com/search/search_results.aspx?N=4294966937&NTK=all&page=6&cat=Video-Cards-:-MicroCenter> (referer: https://www.microcenter.com/search/search_results.aspx?N=4294966937&NTK=all&page=5&cat=Video-Cards-:-MicroCenter)
2021-05-08 22:16:43 [scrapy] DEBUG: Scraped from <200 https://www.microcenter.com/search/search_results.aspx?N=4294966937&NTK=all&page=6&cat=Video-Cards-:-MicroCenter>
{'href': 'https://www.microcenter.comhttps://www.microcenter.com/product/630682/asus-geforce-rtx-3070-dual-overclocked-dual-fan-8gb-gddr6-pcie-40-graphics-card',
 'img': 'https://90a1c75758623581b3f8-5c119c3de181c9857fcb2784776b17ef.ssl.cf2.rackcdn.com/0630682_196279.jpg',
 'name': 'GeForce RTX 3070 Dual Overclocked Dual-Fan 8GB GDDR6 PCIe 4.0 '
         'Graphics Card',
 'part_type': 'Video Cards',
 'price': 679.99}
2021-05-08 22:16:43 [scrapy] INFO: Closing spider (finished)
2021-05-08 22:16:43 [scrapy] INFO: Dumping Scrapy stats:
{'downloader/request_bytes': 6378,
 'downloader/request_count': 15,
 'downloader/request_method_count/GET': 15,
 'downloader/response_bytes': 844673,
 'downloader/response_count': 15,
 'downloader/response_status_count/200': 15,
 'elapsed_time_seconds': 3.837358,
 'finish_reason': 'finished',
 'finish_time': datetime.datetime(2021, 5, 9, 5, 16, 43, 325523),
 'item_scraped_count': 1,
 'log_count/DEBUG': 16,
 'log_count/ERROR': 3,
 'log_count/INFO': 7,
 'log_count/WARNING': 4,
 'request_depth_max': 5,
 'response_received_count': 15,
 'robotstxt/request_count': 1,
 'robotstxt/response_count': 1,
 'robotstxt/response_status_count/200': 1,
 'scheduler/dequeued': 14,
 'scheduler/dequeued/memory': 14,
 'scheduler/enqueued': 14,
 'scheduler/enqueued/memory': 14,
 'spider_exceptions/IndexError': 1,
 'spider_exceptions/ValueError': 2,
 'start_time': datetime.datetime(2021, 5, 9, 5, 16, 39, 488165)}
2021-05-08 22:16:43 [scrapy] INFO: Spider closed (finished)
